<?xml version="1.0" encoding="UTF-8"?>
<!-- Generated by org.testng.reporters.JUnitReportReporter -->
<testsuite skipped="0" hostname="DESKTOP-SASMIT123" name="allClassFilesHere.Test1_Sikuli1" tests="1" failures="0" timestamp="09 Jun 2020 19:21:48 GMT" time="48.848" errors="0">
  <testcase name="handlefileUpload" time="48.848" classname="allClassFilesHere.Test1_Sikuli1"/>
</testsuite> <!-- allClassFilesHere.Test1_Sikuli1 -->
